\BOOKMARK [1][-]{section.1}{\376\377\000P\000l\000a\000n\000t\000e\000a\000m\000i\000e\000n\000t\000o\000\040\000d\000e\000l\000\040\000P\000r\000o\000b\000l\000e\000m\000a}{}% 1
\BOOKMARK [2][-]{subsection.1.1}{\376\377\000C\000o\000n\000t\000e\000x\000t\000o}{section.1}% 2
\BOOKMARK [2][-]{subsection.1.2}{\376\377\000P\000r\000o\000b\000l\000e\000m\000a\000\040\000E\000s\000p\000e\000c\000\355\000f\000i\000c\000o}{section.1}% 3
\BOOKMARK [2][-]{subsection.1.3}{\376\377\000M\000o\000t\000i\000v\000a\000c\000i\000\363\000n}{section.1}% 4
\BOOKMARK [1][-]{section.2}{\376\377\000O\000b\000j\000e\000t\000i\000v\000o}{}% 5
\BOOKMARK [2][-]{subsection.2.1}{\376\377\000O\000b\000j\000e\000t\000i\000v\000o\000\040\000G\000e\000n\000e\000r\000a\000l}{section.2}% 6
\BOOKMARK [2][-]{subsection.2.2}{\376\377\000O\000b\000j\000e\000t\000i\000v\000o\000s\000\040\000E\000s\000p\000e\000c\000\355\000f\000i\000c\000o\000s}{section.2}% 7
\BOOKMARK [1][-]{section.3}{\376\377\000M\000e\000t\000o\000d\000o\000l\000o\000g\000\355\000a\000\040\000P\000r\000o\000p\000u\000e\000s\000t\000a}{}% 8
\BOOKMARK [2][-]{subsection.3.1}{\376\377\000V\000i\000s\000i\000\363\000n\000\040\000G\000e\000n\000e\000r\000a\000l}{section.3}% 9
\BOOKMARK [2][-]{subsection.3.2}{\376\377\000E\000t\000a\000p\000a\000\040\0001\000:\000\040\000D\000a\000t\000o\000s\000\040\000E\000x\000p\000e\000r\000i\000m\000e\000n\000t\000a\000l\000e\000s}{section.3}% 10
\BOOKMARK [2][-]{subsection.3.3}{\376\377\000E\000t\000a\000p\000a\000\040\0002\000:\000\040\000C\000\341\000l\000c\000u\000l\000o\000\040\000d\000e\000\040\000l\000a\000\040\000D\000e\000r\000i\000v\000a\000d\000a\000\040\000T\000e\000m\000p\000o\000r\000a\000l}{section.3}% 11
\BOOKMARK [2][-]{subsection.3.4}{\376\377\000E\000t\000a\000p\000a\000\040\0003\000:\000\040\000I\000d\000e\000n\000t\000i\000f\000i\000c\000a\000c\000i\000\363\000n\000\040\000d\000e\000\040\000f\000\050\000y\000\051}{section.3}% 12
\BOOKMARK [2][-]{subsection.3.5}{\376\377\000E\000t\000a\000p\000a\000\040\0004\000:\000\040\000A\000p\000r\000o\000x\000i\000m\000a\000c\000i\000\363\000n\000\040\000c\000o\000n\000\040\000R\000e\000d\000\040\000d\000e\000\040\000B\000a\000s\000e\000\040\000R\000a\000d\000i\000a\000l}{section.3}% 13
\BOOKMARK [3][-]{subsubsection.3.5.1}{\376\377\000E\000s\000t\000r\000u\000c\000t\000u\000r\000a\000\040\000d\000e\000\040\000l\000a\000\040\000R\000B\000F}{subsection.3.5}% 14
\BOOKMARK [3][-]{subsubsection.3.5.2}{\376\377\000E\000n\000t\000r\000e\000n\000a\000m\000i\000e\000n\000t\000o}{subsection.3.5}% 15
\BOOKMARK [3][-]{subsubsection.3.5.3}{\376\377\000V\000a\000l\000i\000d\000a\000c\000i\000\363\000n}{subsection.3.5}% 16
\BOOKMARK [2][-]{subsection.3.6}{\376\377\000M\000\351\000t\000r\000i\000c\000a\000s\000\040\000d\000e\000\040\000E\000v\000a\000l\000u\000a\000c\000i\000\363\000n}{section.3}% 17
\BOOKMARK [1][-]{section.4}{\376\377\000R\000e\000s\000u\000l\000t\000a\000d\000o\000s}{}% 18
\BOOKMARK [2][-]{subsection.4.1}{\376\377\000C\000o\000n\000f\000i\000g\000u\000r\000a\000c\000i\000\363\000n\000\040\000E\000x\000p\000e\000r\000i\000m\000e\000n\000t\000a\000l}{section.4}% 19
\BOOKMARK [2][-]{subsection.4.2}{\376\377\000I\000d\000e\000n\000t\000i\000f\000i\000c\000a\000c\000i\000\363\000n\000\040\000E\000x\000i\000t\000o\000s\000a\000\040\000c\000o\000n\000\040\0005\0000\000\040\000P\000u\000n\000t\000o\000s}{section.4}% 20
\BOOKMARK [3][-]{subsubsection.4.2.1}{\376\377\000R\000e\000s\000u\000l\000t\000a\000d\000o\000s\000\040\000C\000u\000a\000n\000t\000i\000t\000a\000t\000i\000v\000o\000s}{subsection.4.2}% 21
\BOOKMARK [2][-]{subsection.4.3}{\376\377\000A\000n\000\341\000l\000i\000s\000i\000s\000\040\000d\000e\000\040\000S\000e\000n\000s\000i\000b\000i\000l\000i\000d\000a\000d\000:\000\040\000N\000\372\000m\000e\000r\000o\000\040\000d\000e\000\040\000P\000u\000n\000t\000o\000s}{section.4}% 22
\BOOKMARK [3][-]{subsubsection.4.3.1}{\376\377\000R\000e\000s\000u\000l\000t\000a\000d\000o\000s\000\040\000d\000e\000l\000\040\000A\000n\000\341\000l\000i\000s\000i\000s}{subsection.4.3}% 23
\BOOKMARK [3][-]{subsubsection.4.3.2}{\376\377\000U\000m\000b\000r\000a\000l\000e\000s\000\040\000d\000e\000\040\000P\000r\000e\000c\000i\000s\000i\000\363\000n}{subsection.4.3}% 24
\BOOKMARK [2][-]{subsection.4.4}{\376\377\000R\000e\000l\000a\000c\000i\000\363\000n\000\040\000E\000r\000r\000o\000r\000\040\000v\000s\000\040\000P\000a\000s\000o\000\040\000T\000e\000m\000p\000o\000r\000a\000l}{section.4}% 25
\BOOKMARK [2][-]{subsection.4.5}{\376\377\000C\000o\000m\000p\000a\000r\000a\000c\000i\000\363\000n\000\040\000M\000\351\000t\000o\000d\000o\000s\000\040\000d\000e\000\040\000E\000n\000t\000r\000e\000n\000a\000m\000i\000e\000n\000t\000o\000\040\000R\000B\000F}{section.4}% 26
\BOOKMARK [1][-]{section.5}{\376\377\000D\000i\000s\000c\000u\000s\000i\000\363\000n}{}% 27
\BOOKMARK [2][-]{subsection.5.1}{\376\377\000F\000a\000c\000t\000o\000r\000e\000s\000\040\000L\000i\000m\000i\000t\000a\000n\000t\000e\000s}{section.5}% 28
\BOOKMARK [3][-]{subsubsection.5.1.1}{\376\377\000D\000e\000r\000i\000v\000a\000d\000a\000\040\000N\000u\000m\000\351\000r\000i\000c\000a}{subsection.5.1}% 29
\BOOKMARK [3][-]{subsubsection.5.1.2}{\376\377\000A\000p\000r\000o\000x\000i\000m\000a\000c\000i\000\363\000n\000\040\000R\000B\000F}{subsection.5.1}% 30
\BOOKMARK [2][-]{subsection.5.2}{\376\377\000V\000e\000n\000t\000a\000j\000a\000s\000\040\000d\000e\000l\000\040\000M\000\351\000t\000o\000d\000o}{section.5}% 31
\BOOKMARK [2][-]{subsection.5.3}{\376\377\000L\000i\000m\000i\000t\000a\000c\000i\000o\000n\000e\000s}{section.5}% 32
\BOOKMARK [2][-]{subsection.5.4}{\376\377\000A\000p\000l\000i\000c\000a\000b\000i\000l\000i\000d\000a\000d}{section.5}% 33
\BOOKMARK [1][-]{section.6}{\376\377\000C\000o\000n\000c\000l\000u\000s\000i\000o\000n\000e\000s}{}% 34
\BOOKMARK [2][-]{subsection.6.1}{\376\377\000T\000r\000a\000b\000a\000j\000o\000\040\000F\000u\000t\000u\000r\000o}{section.6}% 35
\BOOKMARK [1][-]{section.7}{\376\377\000C\000\363\000d\000i\000g\000o\000\040\000I\000m\000p\000l\000e\000m\000e\000n\000t\000a\000d\000o}{}% 36
