\BOOKMARK [1][-]{section.1}{\376\377\000M\000o\000t\000i\000v\000a\000c\000i\000\363\000n\000\040\000y\000\040\000C\000o\000n\000t\000e\000x\000t\000o}{}% 1
\BOOKMARK [2][-]{subsection.1.1}{\376\377\000L\000i\000m\000i\000t\000a\000c\000i\000o\000n\000e\000s\000\040\000d\000e\000l\000\040\000M\000\351\000t\000o\000d\000o\000\040\000T\000r\000a\000d\000i\000c\000i\000o\000n\000a\000l}{section.1}% 2
\BOOKMARK [2][-]{subsection.1.2}{\376\377\000P\000r\000o\000p\000u\000e\000s\000t\000a\000\040\000d\000e\000\040\000S\000o\000l\000u\000c\000i\000\363\000n}{section.1}% 3
\BOOKMARK [1][-]{section.2}{\376\377\000P\000l\000a\000n\000t\000e\000a\000m\000i\000e\000n\000t\000o\000\040\000d\000e\000l\000\040\000P\000r\000o\000b\000l\000e\000m\000a}{}% 4
\BOOKMARK [2][-]{subsection.2.1}{\376\377\000P\000r\000o\000b\000l\000e\000m\000a\000\040\000O\000r\000i\000g\000i\000n\000a\000l}{section.2}% 5
\BOOKMARK [2][-]{subsection.2.2}{\376\377\000R\000e\000f\000o\000r\000m\000u\000l\000a\000c\000i\000\363\000n\000\040\000c\000o\000m\000o\000\040\000P\000r\000o\000b\000l\000e\000m\000a\000\040\000d\000e\000\040\000O\000p\000t\000i\000m\000i\000z\000a\000c\000i\000\363\000n}{section.2}% 6
\BOOKMARK [1][-]{section.3}{\376\377\000M\000e\000t\000o\000d\000o\000l\000o\000g\000\355\000a\000\040\000P\000r\000o\000p\000u\000e\000s\000t\000a}{}% 7
\BOOKMARK [2][-]{subsection.3.1}{\376\377\000P\000a\000r\000a\000m\000e\000t\000r\000i\000z\000a\000c\000i\000\363\000n\000\040\000d\000e\000\040\000l\000a\000\040\000R\000B\000F}{section.3}% 8
\BOOKMARK [2][-]{subsection.3.2}{\376\377\000F\000u\000n\000c\000i\000\363\000n\000\040\000O\000b\000j\000e\000t\000i\000v\000o}{section.3}% 9
\BOOKMARK [2][-]{subsection.3.3}{\376\377\000A\000l\000g\000o\000r\000i\000t\000m\000o\000s\000\040\000d\000e\000\040\000O\000p\000t\000i\000m\000i\000z\000a\000c\000i\000\363\000n}{section.3}% 10
\BOOKMARK [3][-]{subsubsection.3.3.1}{\376\377\000M\000\351\000t\000o\000d\000o\000\040\0001\000:\000\040\000L\000-\000B\000F\000G\000S\000-\000B\000\040\000\050\000O\000p\000t\000i\000m\000i\000z\000a\000c\000i\000\363\000n\000\040\000L\000o\000c\000a\000l\000\051}{subsection.3.3}% 11
\BOOKMARK [3][-]{subsubsection.3.3.2}{\376\377\000M\000\351\000t\000o\000d\000o\000\040\0002\000:\000\040\000E\000v\000o\000l\000u\000c\000i\000\363\000n\000\040\000D\000i\000f\000e\000r\000e\000n\000c\000i\000a\000l\000\040\000\050\000O\000p\000t\000i\000m\000i\000z\000a\000c\000i\000\363\000n\000\040\000G\000l\000o\000b\000a\000l\000\051}{subsection.3.3}% 12
\BOOKMARK [2][-]{subsection.3.4}{\376\377\000A\000l\000g\000o\000r\000i\000t\000m\000o\000\040\000C\000o\000m\000p\000l\000e\000t\000o}{section.3}% 13
\BOOKMARK [1][-]{section.4}{\376\377\000A\000n\000\341\000l\000i\000s\000i\000s\000\040\000C\000o\000m\000p\000a\000r\000a\000t\000i\000v\000o}{}% 14
\BOOKMARK [2][-]{subsection.4.1}{\376\377\000C\000o\000n\000f\000i\000g\000u\000r\000a\000c\000i\000\363\000n\000\040\000E\000x\000p\000e\000r\000i\000m\000e\000n\000t\000a\000l}{section.4}% 15
\BOOKMARK [2][-]{subsection.4.2}{\376\377\000R\000e\000s\000u\000l\000t\000a\000d\000o\000s\000\040\000c\000o\000n\000\040\0004\0000\000\040\000P\000u\000n\000t\000o\000s}{section.4}% 16
\BOOKMARK [1][-]{section.5}{\376\377\000A\000n\000\341\000l\000i\000s\000i\000s\000\040\000d\000e\000\040\000S\000e\000n\000s\000i\000b\000i\000l\000i\000d\000a\000d}{}% 17
\BOOKMARK [2][-]{subsection.5.1}{\376\377\000O\000b\000j\000e\000t\000i\000v\000o\000\040\000d\000e\000l\000\040\000A\000n\000\341\000l\000i\000s\000i\000s}{section.5}% 18
\BOOKMARK [2][-]{subsection.5.2}{\376\377\000R\000e\000s\000u\000l\000t\000a\000d\000o\000s}{section.5}% 19
\BOOKMARK [2][-]{subsection.5.3}{\376\377\000H\000a\000l\000l\000a\000z\000g\000o\000s\000\040\000P\000r\000i\000n\000c\000i\000p\000a\000l\000e\000s}{section.5}% 20
\BOOKMARK [3][-]{subsubsection.5.3.1}{\376\377\0001\000.\000\040\000V\000e\000n\000t\000a\000j\000a\000\040\000D\000r\000a\000m\000\341\000t\000i\000c\000a\000\040\000c\000o\000n\000\040\000P\000o\000c\000o\000s\000\040\000P\000u\000n\000t\000o\000s}{subsection.5.3}% 21
\BOOKMARK [3][-]{subsubsection.5.3.2}{\376\377\0002\000.\000\040\000F\000a\000c\000t\000o\000r\000\040\000d\000e\000\040\000M\000e\000j\000o\000r\000a\000\040\000v\000s\000\040\000t}{subsection.5.3}% 22
\BOOKMARK [3][-]{subsubsection.5.3.3}{\376\377\0003\000.\000\040\000C\000o\000n\000v\000e\000r\000g\000e\000n\000c\000i\000a\000\040\000c\000o\000n\000\040\000M\000u\000c\000h\000o\000s\000\040\000P\000u\000n\000t\000o\000s}{subsection.5.3}% 23
\BOOKMARK [3][-]{subsubsection.5.3.4}{\376\377\0004\000.\000\040\000A\000n\000o\000m\000a\000l\000\355\000a\000\040\000e\000n\000\040\0007\0005\000\040\000P\000u\000n\000t\000o\000s}{subsection.5.3}% 24
\BOOKMARK [2][-]{subsection.5.4}{\376\377\000R\000e\000l\000a\000c\000i\000\363\000n\000\040\000E\000r\000r\000o\000r\000-\000t}{section.5}% 25
\BOOKMARK [1][-]{section.6}{\376\377\000D\000i\000s\000c\000u\000s\000i\000\363\000n}{}% 26
\BOOKMARK [2][-]{subsection.6.1}{\376\377\000V\000e\000n\000t\000a\000j\000a\000s\000\040\000d\000e\000l\000\040\000E\000n\000f\000o\000q\000u\000e\000\040\000d\000e\000\040\000O\000p\000t\000i\000m\000i\000z\000a\000c\000i\000\363\000n\000\040\000D\000i\000r\000e\000c\000t\000a}{section.6}% 27
\BOOKMARK [2][-]{subsection.6.2}{\376\377\000D\000e\000s\000v\000e\000n\000t\000a\000j\000a\000s\000\040\000y\000\040\000L\000i\000m\000i\000t\000a\000c\000i\000o\000n\000e\000s}{section.6}% 28
\BOOKMARK [2][-]{subsection.6.3}{\376\377\000T\000r\000a\000d\000e\000-\000o\000f\000f\000s\000\040\000y\000\040\000R\000e\000c\000o\000m\000e\000n\000d\000a\000c\000i\000o\000n\000e\000s}{section.6}% 29
\BOOKMARK [2][-]{subsection.6.4}{\376\377\000M\000e\000j\000o\000r\000a\000s\000\040\000F\000u\000t\000u\000r\000a\000s}{section.6}% 30
\BOOKMARK [1][-]{section.7}{\376\377\000C\000o\000n\000c\000l\000u\000s\000i\000o\000n\000e\000s}{}% 31
\BOOKMARK [2][-]{subsection.7.1}{\376\377\000I\000m\000p\000a\000c\000t\000o\000\040\000y\000\040\000A\000p\000l\000i\000c\000a\000c\000i\000o\000n\000e\000s}{section.7}% 32
\BOOKMARK [1][-]{section.8}{\376\377\000C\000\363\000d\000i\000g\000o\000\040\000I\000m\000p\000l\000e\000m\000e\000n\000t\000a\000d\000o}{}% 33
